#
# A fatal error has been detected by the Java Runtime Environment:
#
#  SIGSEGV (0xb) at pc=0x000000010ab04d66, pid=38223, tid=0x0000000000005303
#
# JRE version: Java(TM) SE Runtime Environment (8.0_181-b13) (build 1.8.0_181-b13)
# Java VM: Java HotSpot(TM) 64-Bit Server VM (25.181-b13 mixed mode bsd-amd64 compressed oops)
# Problematic frame:
# V  [libjvm.dylib+0x504d66]  SignatureIterator::expect(char)+0x14
#
# Failed to write core dump. Core dumps have been disabled. To enable core dumping, try "ulimit -c unlimited" before starting Java again
#
# If you would like to submit a bug report, please visit:
#   http://bugreport.java.com/bugreport/crash.jsp
#

---------------  T H R E A D  ---------------

Current thread (0x00007faf34011000):  VMThread [stack: 0x0000700003284000,0x0000700003384000] [id=21251]

siginfo: si_signo: 11 (SIGSEGV), si_code: 1 (SEGV_MAPERR), si_addr: 0x0000000000000008

Registers:
RAX=0x0000000000000000, RBX=0x0000700003383168, RCX=0x0000000000000000, RDX=0x0000000000000000
RSP=0x0000700003383000, RBP=0x0000700003383110, RSI=0x0000000000000028, RDI=0x0000700003383168
R8 =0x0000000000000017, R9 =0x0000000042000000, R10=0x0000000000000005, R11=0xffffffffffffffa8
R12=0x0000700003383168, R13=0x0000000124ba98c8, R14=0x0000000000000001, R15=0x0000700003383798
RIP=0x000000010ab04d66, EFLAGS=0x0000000000010206, ERR=0x0000000000000004
  TRAPNO=0x000000000000000e

Top of Stack: (sp=0x0000700003383000)
0x0000700003383000:   0000700003383030 000000010ab04b74
0x0000700003383010:   0000700002e74a70 0000700003383088
0x0000700003383020:   0000700003383088 00007faf33d24ea0
0x0000700003383030:   0000700003383070 000000010ab04f4c
0x0000700003383040:   0000000000000000 0000700003383088
0x0000700003383050:   0000700003383070 000000010a887c9b
0x0000700003383060:   0000000000000000 00007000033830b4
0x0000700003383070:   00007000033834f0 000000010a888c5f
0x0000700003383080:   00007faf3a8166f0 000000010ae2a1c0
0x0000700003383090:   00007faf33d24ea0 0000000000000002
0x00007000033830a0:   00007faf0000000c 00007000033830b8
0x00007000033830b0:   00007faf00000001 4fffffff4fffffff
0x00007000033830c0:   00007faf39693fa0 00007faf3969fef0
0x00007000033830d0:   00007faf39694040 0000000000000000
0x00007000033830e0:   0000700003383110 000000010ab04b74
0x00007000033830f0:   0000700003383130 0000700003383168
0x0000700003383100:   0000700003383168 0000700003383168
0x0000700003383110:   0000700003383150 000000010ab04e66
0x0000700003383120:   0000000000000000 0000000000000017
0x0000700003383130:   0000700003383168 0000000124ba98c8
0x0000700003383140:   0000000000000001 0000700003383798
0x0000700003383150:   00007000033835d0 000000010a888b69
0x0000700003383160:   0000700003383190 000000010ae2a1c0
0x0000700003383170:   0000000000000000 0000000000000000
0x0000700003383180:   000070000000000c 00007000033835a0
0x0000700003383190:   0000700000000000 4fffffff4fffffff
0x00007000033831a0:   0000000000000000 00007000033831e8
0x00007000033831b0:   00007000033831d0 0000000000000000
0x00007000033831c0:   00007000033831f0 000000010ab04b74
0x00007000033831d0:   0000700003383210 0000700003383248
0x00007000033831e0:   0000700003383248 00007faf33d2f900
0x00007000033831f0:   0000700003383230 000000010ab04f4c 

Instructions: (pc=0x000000010ab04d66)
0x000000010ab04d46:   df 48 83 c4 08 5b 5d e9 7c ff ff ff 55 48 89 e5
0x000000010ab04d56:   53 48 81 ec 08 01 00 00 48 63 47 10 48 8b 4f 08
0x000000010ab04d66:   40 38 74 01 08 48 89 fb 74 39 40 0f be d6 48 8d
0x000000010ab04d76:   bd f0 fe ff ff 48 8d 35 4f 7a 11 00 30 c0 e8 1f 

Register to memory mapping:

RAX=0x0000000000000000 is an unknown value
RBX=0x0000700003383168 is an unknown value
RCX=0x0000000000000000 is an unknown value
RDX=0x0000000000000000 is an unknown value
RSP=0x0000700003383000 is an unknown value
RBP=0x0000700003383110 is an unknown value
RSI=0x0000000000000028 is an unknown value
RDI=0x0000700003383168 is an unknown value
R8 =0x0000000000000017 is an unknown value
R9 =0x0000000042000000 is an unknown value
R10=0x0000000000000005 is an unknown value
R11=0xffffffffffffffa8 is an unknown value
R12=0x0000700003383168 is an unknown value
R13={method} {0x0000000124ba98c8} 'visitOperandName' '(Lcom/github/jobop/lafite/interpreter/LafiteParser$OperandNameContext;)Ljava/lang/Object;' in 'com/github/jobop/lafite/interpreter/LafiteParseVisitorImpl'
R14=0x0000000000000001 is an unknown value
R15=0x0000700003383798 is an unknown value


Stack: [0x0000700003284000,0x0000700003384000],  sp=0x0000700003383000,  free space=1020k
Native frames: (J=compiled Java code, j=interpreted, Vv=VM code, C=native code)
V  [libjvm.dylib+0x504d66]  SignatureIterator::expect(char)+0x14
V  [libjvm.dylib+0x504e66]  SignatureIterator::iterate_returntype()+0x28
V  [libjvm.dylib+0x288b69]  GenerateOopMap::do_method(int, int, int, int)+0x71
V  [libjvm.dylib+0x28a7ec]  GenerateOopMap::interp_bb(BasicBlock*)+0x104
V  [libjvm.dylib+0x28aa3b]  GenerateOopMap::interp_all()+0x31
V  [libjvm.dylib+0x28afd2]  GenerateOopMap::do_interpretation()+0x44
V  [libjvm.dylib+0x28b3eb]  GenerateOopMap::compute_map(Thread*)+0x1fb
V  [libjvm.dylib+0x485331]  OopMapForCacheEntry::compute_map(Thread*)+0x8f
V  [libjvm.dylib+0x48553a]  OopMapCacheEntry::fill(methodHandle, int)+0x19e
V  [libjvm.dylib+0x48571b]  OopMapCache::compute_one_oop_map(methodHandle, int, InterpreterOopMap*)+0x16b
V  [libjvm.dylib+0x4859d2]  OopMapCache::lookup(methodHandle, int, InterpreterOopMap*) const+0x25c
V  [libjvm.dylib+0x2c2b04]  InstanceKlass::mask_for(methodHandle, int, InterpreterOopMap*)+0xd2
V  [libjvm.dylib+0x45306d]  Method::mask_for(int, InterpreterOopMap*)+0xb3
V  [libjvm.dylib+0x39afbf]  VM_GetOrSetLocal::doit()+0x47
V  [libjvm.dylib+0x5bd499]  VM_Operation::evaluate()+0x4f
V  [libjvm.dylib+0x5bba31]  VMThread::evaluate_operation(VM_Operation*)+0xdf
V  [libjvm.dylib+0x5bbe7e]  VMThread::loop()+0x328
V  [libjvm.dylib+0x5bb79d]  VMThread::run()+0x79
V  [libjvm.dylib+0x48e342]  java_start(Thread*)+0xf6
C  [libsystem_pthread.dylib+0x5e65]  _pthread_start+0x94
C  [libsystem_pthread.dylib+0x183b]  thread_start+0xf

VM_Operation (0x0000700003895a18): GetOrSetLocal, mode: safepoint, requested by thread 0x00007faf35018000


---------------  P R O C E S S  ---------------

Java Threads: ( => current thread )
  0x00007faf35892800 JavaThread "Service Thread" daemon [_thread_blocked, id=16899, stack(0x0000700003da8000,0x0000700003ea8000)]
  0x00007faf34833800 JavaThread "C1 CompilerThread2" daemon [_thread_blocked, id=17411, stack(0x0000700003ca5000,0x0000700003da5000)]
  0x00007faf34094000 JavaThread "C2 CompilerThread1" daemon [_thread_blocked, id=17667, stack(0x0000700003ba2000,0x0000700003ca2000)]
  0x00007faf34093800 JavaThread "C2 CompilerThread0" daemon [_thread_blocked, id=14339, stack(0x0000700003a9f000,0x0000700003b9f000)]
  0x00007faf34836000 JavaThread "JDWP Command Reader" daemon [_thread_in_native, id=18179, stack(0x000070000399c000,0x0000700003a9c000)]
  0x00007faf34019800 JavaThread "JDWP Event Helper Thread" daemon [_thread_blocked, id=13827, stack(0x0000700003899000,0x0000700003999000)]
  0x00007faf35018000 JavaThread "JDWP Transport Listener: dt_socket" daemon [_thread_blocked, id=13575, stack(0x0000700003796000,0x0000700003896000)]
  0x00007faf35822000 JavaThread "Signal Dispatcher" daemon [_thread_blocked, id=18947, stack(0x0000700003693000,0x0000700003793000)]
  0x00007faf34821800 JavaThread "Finalizer" daemon [_thread_blocked, id=11523, stack(0x000070000348a000,0x000070000358a000)]
  0x00007faf35000800 JavaThread "Reference Handler" daemon [_thread_blocked, id=11267, stack(0x0000700003387000,0x0000700003487000)]
  0x00007faf35006000 JavaThread "main" [_thread_blocked, id=4099, stack(0x0000700002d75000,0x0000700002e75000)]

Other Threads:
=>0x00007faf34011000 VMThread [stack: 0x0000700003284000,0x0000700003384000] [id=21251]
  0x00007faf35822800 WatcherThread [stack: 0x0000700003eab000,0x0000700003fab000] [id=15107]

VM state:at safepoint (normal execution)

VM Mutex/Monitor currently owned by a thread:  ([mutex/lock_event])
[0x00007faf33e01d90] Threads_lock - owner thread: 0x00007faf34011000

Heap:
 PSYoungGen      total 76288K, used 15836K [0x000000076ab00000, 0x0000000770000000, 0x00000007c0000000)
  eden space 65536K, 24% used [0x000000076ab00000,0x000000076ba77368,0x000000076eb00000)
  from space 10752K, 0% used [0x000000076f580000,0x000000076f580000,0x0000000770000000)
  to   space 10752K, 0% used [0x000000076eb00000,0x000000076eb00000,0x000000076f580000)
 ParOldGen       total 175104K, used 0K [0x00000006c0000000, 0x00000006cab00000, 0x000000076ab00000)
  object space 175104K, 0% used [0x00000006c0000000,0x00000006c0000000,0x00000006cab00000)
 Metaspace       used 5168K, capacity 6264K, committed 6528K, reserved 1056768K
  class space    used 571K, capacity 616K, committed 640K, reserved 1048576K

Card table byte_map: [0x000000010ba9a000,0x000000010c29b000] byte_map_base: 0x000000010849a000

Marking Bits: (ParMarkBitMap*) 0x000000010aef9cd0
 Begin Bits: [0x000000010c7f1000, 0x00000001107f1000)
 End Bits:   [0x00000001107f1000, 0x00000001147f1000)

Polling page: 0x0000000109df7000

CodeCache: size=245760Kb used=2696Kb max_used=2817Kb free=243063Kb
 bounds [0x0000000114ed3000, 0x00000001151b3000, 0x0000000123ed3000]
 total_blobs=719 nmethods=468 adapters=173
 compilation: enabled

Compilation events (10 events):
Event: 2.679 Thread 0x00007faf34094000 nmethod 404 0x0000000115120590 code [0x0000000115120780, 0x0000000115120e18]
Event: 2.679 Thread 0x00007faf34094000  429       4       java.util.LinkedList$ListItr::hasNext (20 bytes)
Event: 2.679 Thread 0x00007faf34094000 nmethod 429 0x00000001151202d0 code [0x0000000115120420, 0x00000001151204d8]
Event: 2.679 Thread 0x00007faf34094000  407       4       java.util.LinkedHashMap::get (33 bytes)
Event: 2.682 Thread 0x00007faf34094000 nmethod 407 0x000000011511d2d0 code [0x000000011511d440, 0x000000011511d7d8]
Event: 2.682 Thread 0x00007faf34094000  427       4       org.antlr.v4.runtime.atn.SemanticContext$Predicate::hashCode (47 bytes)
Event: 2.683 Thread 0x00007faf34094000 nmethod 427 0x000000011511ff90 code [0x00000001151200e0, 0x0000000115120218]
Event: 2.683 Thread 0x00007faf34094000  457       4       org.antlr.v4.runtime.atn.PredictionContext::merge (139 bytes)
Event: 2.699 Thread 0x00007faf34094000 nmethod 457 0x000000011511dc50 code [0x000000011511de80, 0x000000011511eaf8]
Event: 2.788 Thread 0x00007faf34093800 nmethod 400 0x000000011516e4d0 code [0x000000011516f240, 0x000000011518a3b8]

GC Heap History (0 events):
No events

Deoptimization events (3 events):
Event: 0.647 Thread 0x00007faf35006000 Uncommon trap: reason=unstable_if action=reinterpret pc=0x000000011503a04c method=org.antlr.v4.runtime.misc.Interval.equals(Ljava/lang/Object;)Z @ 26
Event: 0.678 Thread 0x00007faf35006000 Uncommon trap: reason=unstable_if action=reinterpret pc=0x00000001150e0c3c method=java.util.HashMap.getNode(ILjava/lang/Object;)Ljava/util/HashMap$Node; @ 129
Event: 0.722 Thread 0x00007faf35006000 Uncommon trap: reason=unstable_if action=reinterpret pc=0x00000001150e9e84 method=org.antlr.v4.runtime.atn.ParserATNSimulator.getEpsilonTarget(Lorg/antlr/v4/runtime/atn/ATNConfig;Lorg/antlr/v4/runtime/atn/Transition;ZZZZ)Lorg/antlr/v4/runtime/atn/ATNConfi

Classes redefined (5 events):
Event: 678.538 Thread 0x00007faf34011000 redefined class name=com.github.jobop.lafite.Main, count=1
Event: 734.183 Thread 0x00007faf34011000 redefined class name=com.github.jobop.lafite.Main, count=2
Event: 1108.861 Thread 0x00007faf34011000 redefined class name=com.github.jobop.lafite.interpreter.LafiteParseVisitorImpl, count=1
Event: 1158.176 Thread 0x00007faf34011000 redefined class name=com.github.jobop.lafite.interpreter.LafiteParseVisitorImpl, count=2
Event: 1183.805 Thread 0x00007faf34011000 redefined class name=com.github.jobop.lafite.interpreter.LafiteParseVisitorImpl, count=3

Internal exceptions (5 events):
Event: 0.060 Thread 0x00007faf35006000 Exception <a 'java/lang/NoSuchMethodError': Method sun.misc.Unsafe.defineClass(Ljava/lang/String;[BII)Ljava/lang/Class; name or signature does not match> (0x000000076ab07cb0) thrown at [/Users/java_re/workspace/8-2-build-macosx-x86_64/jdk8u181/11358/hotsp
Event: 0.060 Thread 0x00007faf35006000 Exception <a 'java/lang/NoSuchMethodError': Method sun.misc.Unsafe.prefetchRead(Ljava/lang/Object;J)V name or signature does not match> (0x000000076ab07f98) thrown at [/Users/java_re/workspace/8-2-build-macosx-x86_64/jdk8u181/11358/hotspot/src/share/vm/pr
Event: 0.171 Thread 0x00007faf35006000 Exception <a 'java/util/zip/ZipException'> (0x000000076ab8e1e0) thrown at [/Users/java_re/workspace/8-2-build-macosx-x86_64/jdk8u181/11358/hotspot/src/share/vm/prims/jni.cpp, line 709]
Event: 0.171 Thread 0x00007faf35006000 Exception <a 'java/security/PrivilegedActionException'> (0x000000076ab8e918) thrown at [/Users/java_re/workspace/8-2-build-macosx-x86_64/jdk8u181/11358/hotspot/src/share/vm/prims/jvm.cpp, line 1435]
Event: 0.171 Thread 0x00007faf35006000 Exception <a 'java/security/PrivilegedActionException'> (0x000000076ab8eb28) thrown at [/Users/java_re/workspace/8-2-build-macosx-x86_64/jdk8u181/11358/hotspot/src/share/vm/prims/jvm.cpp, line 1435]

Events (10 events):
Event: 1705.036 Executing VM operation: ChangeBreakpoints done
Event: 1705.037 Executing VM operation: ChangeBreakpoints
Event: 1705.037 Executing VM operation: ChangeBreakpoints done
Event: 1712.222 Executing VM operation: ChangeBreakpoints
Event: 1712.222 Executing VM operation: ChangeBreakpoints done
Event: 1712.222 Executing VM operation: ChangeBreakpoints
Event: 1712.222 Executing VM operation: ChangeBreakpoints done
Event: 1712.223 Executing VM operation: ChangeBreakpoints
Event: 1712.223 Executing VM operation: ChangeBreakpoints done
Event: 1712.232 Executing VM operation: GetOrSetLocal


Dynamic libraries:
0x00007fff2b769000 	/System/Library/Frameworks/Cocoa.framework/Versions/A/Cocoa
0x00007fff38d37000 	/System/Library/Frameworks/Security.framework/Versions/A/Security
0x00007fff2a6f3000 	/System/Library/Frameworks/ApplicationServices.framework/Versions/A/ApplicationServices
0x00007fff63164000 	/usr/lib/libz.1.dylib
0x00007fff60c33000 	/usr/lib/libSystem.B.dylib
0x00007fff62a88000 	/usr/lib/libobjc.A.dylib
0x00007fff2c6e0000 	/System/Library/Frameworks/CoreFoundation.framework/Versions/A/CoreFoundation
0x00007fff2eda5000 	/System/Library/Frameworks/Foundation.framework/Versions/C/Foundation
0x00007fff298e8000 	/System/Library/Frameworks/AppKit.framework/Versions/C/AppKit
0x00007fff2c1ec000 	/System/Library/Frameworks/CoreData.framework/Versions/A/CoreData
0x00007fff5d4db000 	/System/Library/PrivateFrameworks/UIFoundation.framework/Versions/A/UIFoundation
0x00007fff57cb7000 	/System/Library/PrivateFrameworks/RemoteViewServices.framework/Versions/A/RemoteViewServices
0x00007fff5ff6e000 	/System/Library/PrivateFrameworks/XCTTargetBootstrap.framework/Versions/A/XCTTargetBootstrap
0x00007fff2c5cf000 	/System/Library/Frameworks/CoreDisplay.framework/Versions/A/CoreDisplay
0x00007fff31b1d000 	/System/Library/Frameworks/Metal.framework/Versions/A/Metal
0x00007fff460bd000 	/System/Library/PrivateFrameworks/DesktopServicesPriv.framework/Versions/A/DesktopServicesPriv
0x00007fff61d69000 	/usr/lib/liblangid.dylib
0x00007fff45209000 	/System/Library/PrivateFrameworks/CoreSVG.framework/Versions/A/CoreSVG
0x00007fff5aa7e000 	/System/Library/PrivateFrameworks/SkyLight.framework/Versions/A/SkyLight
0x00007fff2cb62000 	/System/Library/Frameworks/CoreGraphics.framework/Versions/A/CoreGraphics
0x00007fff28487000 	/System/Library/Frameworks/Accelerate.framework/Versions/A/Accelerate
0x00007fff63055000 	/usr/lib/libxml2.2.dylib
0x00007fff50de1000 	/System/Library/PrivateFrameworks/IconServices.framework/Versions/A/IconServices
0x00007fff2f58a000 	/System/Library/Frameworks/IOSurface.framework/Versions/A/IOSurface
0x00007fff6076b000 	/usr/lib/libDiagnosticMessagesClient.dylib
0x00007fff45f36000 	/System/Library/PrivateFrameworks/DFRFoundation.framework/Versions/A/DFRFoundation
0x00007fff61af7000 	/usr/lib/libicucore.A.dylib
0x00007fff2aa25000 	/System/Library/Frameworks/AudioToolbox.framework/Versions/A/AudioToolbox
0x00007fff2ab07000 	/System/Library/Frameworks/AudioUnit.framework/Versions/A/AudioUnit
0x00007fff60e34000 	/usr/lib/libauto.dylib
0x00007fff45fb7000 	/System/Library/PrivateFrameworks/DataDetectorsCore.framework/Versions/A/DataDetectorsCore
0x00007fff2b289000 	/System/Library/Frameworks/Carbon.framework/Versions/A/Frameworks/HIToolbox.framework/Versions/A/HIToolbox
0x00007fff37f68000 	/System/Library/Frameworks/QuartzCore.framework/Versions/A/QuartzCore
0x00007fff2b5c8000 	/System/Library/Frameworks/Carbon.framework/Versions/A/Frameworks/SpeechRecognition.framework/Versions/A/SpeechRecognition
0x00007fff458bc000 	/System/Library/PrivateFrameworks/CoreUI.framework/Versions/A/CoreUI
0x00007fff2bc52000 	/System/Library/Frameworks/CoreAudio.framework/Versions/A/CoreAudio
0x00007fff2ea6d000 	/System/Library/Frameworks/DiskArbitration.framework/Versions/A/DiskArbitration
0x00007fff52df6000 	/System/Library/PrivateFrameworks/MultitouchSupport.framework/Versions/A/MultitouchSupport
0x00007fff619bd000 	/usr/lib/libenergytrace.dylib
0x00007fff2f4e5000 	/System/Library/Frameworks/IOKit.framework/Versions/A/IOKit
0x00007fff2dad0000 	/System/Library/Frameworks/CoreServices.framework/Versions/A/CoreServices
0x00007fff54f03000 	/System/Library/PrivateFrameworks/PerformanceAnalysis.framework/Versions/A/PerformanceAnalysis
0x00007fff36f9e000 	/System/Library/Frameworks/OpenGL.framework/Versions/A/OpenGL
0x00007fff2b777000 	/System/Library/Frameworks/ColorSync.framework/Versions/A/ColorSync
0x00007fff2d1e9000 	/System/Library/Frameworks/CoreImage.framework/Versions/A/CoreImage
0x00007fff2e546000 	/System/Library/Frameworks/CoreText.framework/Versions/A/CoreText
0x00007fff2f610000 	/System/Library/Frameworks/ImageIO.framework/Versions/A/ImageIO
0x00007fff60f19000 	/usr/lib/libc++.1.dylib
0x00007fff60f95000 	/usr/lib/libcompression.dylib
0x00007fff60aad000 	/usr/lib/libMobileGestalt.dylib
0x00007fff5c5bd000 	/System/Library/PrivateFrameworks/TextureIO.framework/Versions/A/TextureIO
0x00007fff60d9a000 	/usr/lib/libate.dylib
0x00007fff50fea000 	/System/Library/PrivateFrameworks/InternationalSupport.framework/Versions/A/InternationalSupport
0x00007fff63bda000 	/usr/lib/system/libcache.dylib
0x00007fff63be0000 	/usr/lib/system/libcommonCrypto.dylib
0x00007fff63bec000 	/usr/lib/system/libcompiler_rt.dylib
0x00007fff63bf4000 	/usr/lib/system/libcopyfile.dylib
0x00007fff63bfe000 	/usr/lib/system/libcorecrypto.dylib
0x00007fff63dac000 	/usr/lib/system/libdispatch.dylib
0x00007fff63dee000 	/usr/lib/system/libdyld.dylib
0x00007fff63e24000 	/usr/lib/system/libkeymgr.dylib
0x00007fff63e32000 	/usr/lib/system/liblaunch.dylib
0x00007fff63e33000 	/usr/lib/system/libmacho.dylib
0x00007fff63e39000 	/usr/lib/system/libquarantine.dylib
0x00007fff63e3c000 	/usr/lib/system/libremovefile.dylib
0x00007fff63e3e000 	/usr/lib/system/libsystem_asl.dylib
0x00007fff63e56000 	/usr/lib/system/libsystem_blocks.dylib
0x00007fff63e57000 	/usr/lib/system/libsystem_c.dylib
0x00007fff63edf000 	/usr/lib/system/libsystem_configuration.dylib
0x00007fff63ee3000 	/usr/lib/system/libsystem_coreservices.dylib
0x00007fff63ee7000 	/usr/lib/system/libsystem_darwin.dylib
0x00007fff63ef0000 	/usr/lib/system/libsystem_dnssd.dylib
0x00007fff63ef8000 	/usr/lib/system/libsystem_featureflags.dylib
0x00007fff63efa000 	/usr/lib/system/libsystem_info.dylib
0x00007fff63f75000 	/usr/lib/system/libsystem_m.dylib
0x00007fff63fbd000 	/usr/lib/system/libsystem_malloc.dylib
0x00007fff63fe5000 	/usr/lib/system/libsystem_networkextension.dylib
0x00007fff63ff3000 	/usr/lib/system/libsystem_notify.dylib
0x00007fff64012000 	/usr/lib/system/libsystem_sandbox.dylib
0x00007fff64017000 	/usr/lib/system/libsystem_secinit.dylib
0x00007fff63f48000 	/usr/lib/system/libsystem_kernel.dylib
0x00007fff63ffd000 	/usr/lib/system/libsystem_platform.dylib
0x00007fff64007000 	/usr/lib/system/libsystem_pthread.dylib
0x00007fff6401a000 	/usr/lib/system/libsystem_symptoms.dylib
0x00007fff64022000 	/usr/lib/system/libsystem_trace.dylib
0x00007fff6403a000 	/usr/lib/system/libunwind.dylib
0x00007fff64040000 	/usr/lib/system/libxpc.dylib
0x00007fff60f6d000 	/usr/lib/libc++abi.dylib
0x00007fff61d6b000 	/usr/lib/liblzma.5.dylib
0x00007fff619e5000 	/usr/lib/libfakelink.dylib
0x00007fff60d27000 	/usr/lib/libarchive.2.dylib
0x00007fff39ed9000 	/System/Library/Frameworks/SystemConfiguration.framework/Versions/A/SystemConfiguration
0x00007fff6069c000 	/usr/lib/libCRFSuite.dylib
0x00007fff2ae7d000 	/System/Library/Frameworks/CFNetwork.framework/Versions/A/CFNetwork
0x00007fff60efb000 	/usr/lib/libbsm.0.dylib
0x00007fff63e25000 	/usr/lib/system/libkxld.dylib
0x00007fff3f9ed000 	/System/Library/PrivateFrameworks/AppleFSCompression.framework/Versions/A/AppleFSCompression
0x00007fff6127c000 	/usr/lib/libcoretls.dylib
0x00007fff61293000 	/usr/lib/libcoretls_cfhelpers.dylib
0x00007fff62acc000 	/usr/lib/libpam.2.dylib
0x00007fff62bff000 	/usr/lib/libsqlite3.dylib
0x00007fff63042000 	/usr/lib/libxar.1.dylib
0x00007fff60f0c000 	/usr/lib/libbz2.1.0.dylib
0x00007fff61a06000 	/usr/lib/libiconv.2.dylib
0x00007fff60f82000 	/usr/lib/libcharset.1.dylib
0x00007fff62573000 	/usr/lib/libnetwork.dylib
0x00007fff62ad3000 	/usr/lib/libpcap.A.dylib
0x00007fff60cdc000 	/usr/lib/libapple_nghttp2.dylib
0x00007fff2de87000 	/System/Library/Frameworks/CoreServices.framework/Versions/A/Frameworks/FSEvents.framework/Versions/A/FSEvents
0x00007fff2db57000 	/System/Library/Frameworks/CoreServices.framework/Versions/A/Frameworks/CarbonCore.framework/Versions/A/CarbonCore
0x00007fff2e0ca000 	/System/Library/Frameworks/CoreServices.framework/Versions/A/Frameworks/Metadata.framework/Versions/A/Metadata
0x00007fff2e163000 	/System/Library/Frameworks/CoreServices.framework/Versions/A/Frameworks/OSServices.framework/Versions/A/OSServices
0x00007fff2e191000 	/System/Library/Frameworks/CoreServices.framework/Versions/A/Frameworks/SearchKit.framework/Versions/A/SearchKit
0x00007fff2dad1000 	/System/Library/Frameworks/CoreServices.framework/Versions/A/Frameworks/AE.framework/Versions/A/AE
0x00007fff2de90000 	/System/Library/Frameworks/CoreServices.framework/Versions/A/Frameworks/LaunchServices.framework/Versions/A/LaunchServices
0x00007fff2de39000 	/System/Library/Frameworks/CoreServices.framework/Versions/A/Frameworks/DictionaryServices.framework/Versions/A/DictionaryServices
0x00007fff2e1f9000 	/System/Library/Frameworks/CoreServices.framework/Versions/A/Frameworks/SharedFileList.framework/Versions/A/SharedFileList
0x00007fff32df2000 	/System/Library/Frameworks/NetFS.framework/Versions/A/NetFS
0x00007fff53326000 	/System/Library/PrivateFrameworks/NetAuth.framework/Versions/A/NetAuth
0x00007fff60339000 	/System/Library/PrivateFrameworks/login.framework/Versions/A/Frameworks/loginsupport.framework/Versions/A/loginsupport
0x00007fff5c0b8000 	/System/Library/PrivateFrameworks/TCC.framework/Versions/A/TCC
0x00007fff445d8000 	/System/Library/PrivateFrameworks/CoreNLP.framework/Versions/A/CoreNLP
0x00007fff52826000 	/System/Library/PrivateFrameworks/MetadataUtilities.framework/Versions/A/MetadataUtilities
0x00007fff61e43000 	/usr/lib/libmecabra.dylib
0x00007fff61d9b000 	/usr/lib/libmecab.dylib
0x00007fff619f6000 	/usr/lib/libgermantok.dylib
0x00007fff60cc3000 	/usr/lib/libThaiTokenizer.dylib
0x00007fff606d4000 	/usr/lib/libChineseTokenizer.dylib
0x00007fff2849f000 	/System/Library/Frameworks/Accelerate.framework/Versions/A/Frameworks/vImage.framework/Versions/A/vImage
0x00007fff29742000 	/System/Library/Frameworks/Accelerate.framework/Versions/A/Frameworks/vecLib.framework/Versions/A/vecLib
0x00007fff29686000 	/System/Library/Frameworks/Accelerate.framework/Versions/A/Frameworks/vecLib.framework/Versions/A/libvMisc.dylib
0x00007fff294ac000 	/System/Library/Frameworks/Accelerate.framework/Versions/A/Frameworks/vecLib.framework/Versions/A/libvDSP.dylib
0x00007fff28b0b000 	/System/Library/Frameworks/Accelerate.framework/Versions/A/Frameworks/vecLib.framework/Versions/A/libBLAS.dylib
0x00007fff29066000 	/System/Library/Frameworks/Accelerate.framework/Versions/A/Frameworks/vecLib.framework/Versions/A/libLAPACK.dylib
0x00007fff2940c000 	/System/Library/Frameworks/Accelerate.framework/Versions/A/Frameworks/vecLib.framework/Versions/A/libLinearAlgebra.dylib
0x00007fff29499000 	/System/Library/Frameworks/Accelerate.framework/Versions/A/Frameworks/vecLib.framework/Versions/A/libSparseBLAS.dylib
0x00007fff29422000 	/System/Library/Frameworks/Accelerate.framework/Versions/A/Frameworks/vecLib.framework/Versions/A/libQuadrature.dylib
0x00007fff28d75000 	/System/Library/Frameworks/Accelerate.framework/Versions/A/Frameworks/vecLib.framework/Versions/A/libBNNS.dylib
0x00007fff29428000 	/System/Library/Frameworks/Accelerate.framework/Versions/A/Frameworks/vecLib.framework/Versions/A/libSparse.dylib
0x00007fff513a9000 	/System/Library/PrivateFrameworks/LanguageModeling.framework/Versions/A/LanguageModeling
0x00007fff43f74000 	/System/Library/PrivateFrameworks/CoreEmoji.framework/Versions/A/CoreEmoji
0x00007fff514c7000 	/System/Library/PrivateFrameworks/LinguisticData.framework/Versions/A/LinguisticData
0x00007fff51478000 	/System/Library/PrivateFrameworks/Lexicon.framework/Versions/A/Lexicon
0x00007fff60f83000 	/usr/lib/libcmph.dylib
0x00007fff359c4000 	/System/Library/Frameworks/OpenDirectory.framework/Versions/A/Frameworks/CFOpenDirectory.framework/Versions/A/CFOpenDirectory
0x00007fff359e1000 	/System/Library/Frameworks/OpenDirectory.framework/Versions/A/OpenDirectory
0x00007fff3dcae000 	/System/Library/PrivateFrameworks/APFS.framework/Versions/A/APFS
0x00007fff3908a000 	/System/Library/Frameworks/SecurityFoundation.framework/Versions/A/SecurityFoundation
0x00007fff6303e000 	/usr/lib/libutil.dylib
0x00007fff45261000 	/System/Library/PrivateFrameworks/CoreServicesStore.framework/Versions/A/CoreServicesStore
0x00007fff39142000 	/System/Library/Frameworks/ServiceManagement.framework/Versions/A/ServiceManagement
0x00007fff411a4000 	/System/Library/PrivateFrameworks/BackgroundTaskManagement.framework/Versions/A/BackgroundTaskManagement
0x00007fff6313b000 	/usr/lib/libxslt.1.dylib
0x00007fff40052000 	/System/Library/PrivateFrameworks/AppleSystemInfo.framework/Versions/A/AppleSystemInfo
0x00007fff2f82d000 	/System/Library/Frameworks/ImageIO.framework/Versions/A/Resources/libJPEG.dylib
0x00007fff2faec000 	/System/Library/Frameworks/ImageIO.framework/Versions/A/Resources/libTIFF.dylib
0x00007fff2facf000 	/System/Library/Frameworks/ImageIO.framework/Versions/A/Resources/libPng.dylib
0x00007fff2f76e000 	/System/Library/Frameworks/ImageIO.framework/Versions/A/Resources/libGIF.dylib
0x00007fff2f772000 	/System/Library/Frameworks/ImageIO.framework/Versions/A/Resources/libJP2.dylib
0x00007fff2faea000 	/System/Library/Frameworks/ImageIO.framework/Versions/A/Resources/libRadiance.dylib
0x00007fff619be000 	/usr/lib/libexpat.1.dylib
0x00007fff3fb48000 	/System/Library/PrivateFrameworks/AppleJPEG.framework/Versions/A/AppleJPEG
0x00007fff484db000 	/System/Library/PrivateFrameworks/FontServices.framework/libFontParser.dylib
0x00007fff5f390000 	/System/Library/PrivateFrameworks/WatchdogClient.framework/Versions/A/WatchdogClient
0x00007fff50a36000 	/System/Library/PrivateFrameworks/IOAccelerator.framework/Versions/A/IOAccelerator
0x00007fff31eab000 	/System/Library/Frameworks/MetalPerformanceShaders.framework/Versions/A/MetalPerformanceShaders
0x00007fff4d229000 	/System/Library/PrivateFrameworks/GPUWrangler.framework/Versions/A/GPUWrangler
0x00007fff50a41000 	/System/Library/PrivateFrameworks/IOPresentment.framework/Versions/A/IOPresentment
0x00007fff45f49000 	/System/Library/PrivateFrameworks/DSExternalDisplay.framework/Versions/A/DSExternalDisplay
0x00007fff3634a000 	/System/Library/Frameworks/OpenGL.framework/Versions/A/Libraries/libCoreFSCache.dylib
0x00007fff31bfd000 	/System/Library/Frameworks/MetalPerformanceShaders.framework/Frameworks/MPSCore.framework/Versions/A/MPSCore
0x00007fff31c3a000 	/System/Library/Frameworks/MetalPerformanceShaders.framework/Frameworks/MPSImage.framework/Versions/A/MPSImage
0x00007fff31cfc000 	/System/Library/Frameworks/MetalPerformanceShaders.framework/Frameworks/MPSNeuralNetwork.framework/Versions/A/MPSNeuralNetwork
0x00007fff31cc1000 	/System/Library/Frameworks/MetalPerformanceShaders.framework/Frameworks/MPSMatrix.framework/Versions/A/MPSMatrix
0x00007fff31e5c000 	/System/Library/Frameworks/MetalPerformanceShaders.framework/Frameworks/MPSRayIntersector.framework/Versions/A/MPSRayIntersector
0x00007fff31ce6000 	/System/Library/Frameworks/MetalPerformanceShaders.framework/Frameworks/MPSNDArray.framework/Versions/A/MPSNDArray
0x00007fff52873000 	/System/Library/PrivateFrameworks/MetalTools.framework/Versions/A/MetalTools
0x00007fff3ee73000 	/System/Library/PrivateFrameworks/AggregateDictionary.framework/Versions/A/AggregateDictionary
0x00007fff439fe000 	/System/Library/PrivateFrameworks/CoreAnalytics.framework/Versions/A/CoreAnalytics
0x00007fff3ff70000 	/System/Library/PrivateFrameworks/AppleSauce.framework/Versions/A/AppleSauce
0x00007fff60990000 	/usr/lib/libIOReport.dylib
0x00007fff2e6fb000 	/System/Library/Frameworks/CoreVideo.framework/Versions/A/CoreVideo
0x00007fff4e697000 	/System/Library/PrivateFrameworks/GraphVisualizer.framework/Versions/A/GraphVisualizer
0x00007fff47a5c000 	/System/Library/PrivateFrameworks/FaceCore.framework/Versions/A/FaceCore
0x00007fff3596b000 	/System/Library/Frameworks/OpenCL.framework/Versions/A/OpenCL
0x00007fff607b2000 	/usr/lib/libFosl_dynamic.dylib
0x00007fff53d21000 	/System/Library/PrivateFrameworks/OTSVG.framework/Versions/A/OTSVG
0x00007fff2a7f8000 	/System/Library/Frameworks/ApplicationServices.framework/Versions/A/Frameworks/ATS.framework/Versions/A/Resources/libFontRegistry.dylib
0x00007fff486ac000 	/System/Library/PrivateFrameworks/FontServices.framework/libhvf.dylib
0x00007fff36355000 	/System/Library/Frameworks/OpenGL.framework/Versions/A/Libraries/libGFXShared.dylib
0x00007fff36532000 	/System/Library/Frameworks/OpenGL.framework/Versions/A/Libraries/libGLU.dylib
0x00007fff3635e000 	/System/Library/Frameworks/OpenGL.framework/Versions/A/Libraries/libGL.dylib
0x00007fff36369000 	/System/Library/Frameworks/OpenGL.framework/Versions/A/Libraries/libGLImage.dylib
0x00007fff36347000 	/System/Library/Frameworks/OpenGL.framework/Versions/A/Libraries/libCVMSPluginSupport.dylib
0x00007fff36350000 	/System/Library/Frameworks/OpenGL.framework/Versions/A/Libraries/libCoreVMClient.dylib
0x00007fff62415000 	/usr/lib/libncurses.5.4.dylib
0x00007fff2a6f4000 	/System/Library/Frameworks/ApplicationServices.framework/Versions/A/Frameworks/ATS.framework/Versions/A/ATS
0x00007fff2a8c1000 	/System/Library/Frameworks/ApplicationServices.framework/Versions/A/Frameworks/ColorSyncLegacy.framework/Versions/A/ColorSyncLegacy
0x00007fff2a960000 	/System/Library/Frameworks/ApplicationServices.framework/Versions/A/Frameworks/HIServices.framework/Versions/A/HIServices
0x00007fff2a9b7000 	/System/Library/Frameworks/ApplicationServices.framework/Versions/A/Frameworks/LangAnalysis.framework/Versions/A/LangAnalysis
0x00007fff2a9c6000 	/System/Library/Frameworks/ApplicationServices.framework/Versions/A/Frameworks/PrintCore.framework/Versions/A/PrintCore
0x00007fff2aa0c000 	/System/Library/Frameworks/ApplicationServices.framework/Versions/A/Frameworks/QD.framework/Versions/A/QD
0x00007fff2aa17000 	/System/Library/Frameworks/ApplicationServices.framework/Versions/A/Frameworks/SpeechSynthesis.framework/Versions/A/SpeechSynthesis
0x00007fff2a891000 	/System/Library/Frameworks/ApplicationServices.framework/Versions/A/Frameworks/ATSUI.framework/Versions/A/ATSUI
0x00007fff61852000 	/usr/lib/libcups.2.dylib
0x00007fff30f5a000 	/System/Library/Frameworks/Kerberos.framework/Versions/A/Kerberos
0x00007fff2f1da000 	/System/Library/Frameworks/GSS.framework/Versions/A/GSS
0x00007fff62b8b000 	/usr/lib/libresolv.9.dylib
0x00007fff4e838000 	/System/Library/PrivateFrameworks/Heimdal.framework/Versions/A/Heimdal
0x00007fff30f6d000 	/System/Library/Frameworks/Kerberos.framework/Versions/A/Libraries/libHeimdalProxy.dylib
0x00007fff619fc000 	/usr/lib/libheimdal-asn1.dylib
0x00007fff42ea4000 	/System/Library/PrivateFrameworks/CommonAuth.framework/Versions/A/CommonAuth
0x00007fff400ef000 	/System/Library/PrivateFrameworks/AssertionServices.framework/Versions/A/AssertionServices
0x00007fff40c92000 	/System/Library/PrivateFrameworks/AudioToolboxCore.framework/Versions/A/AudioToolboxCore
0x00007fff5ffea000 	/System/Library/PrivateFrameworks/caulk.framework/Versions/A/caulk
0x00007fff41250000 	/System/Library/PrivateFrameworks/BaseBoard.framework/Versions/A/BaseBoard
0x00007fff57e46000 	/System/Library/PrivateFrameworks/RunningBoardServices.framework/Versions/A/RunningBoardServices
0x00007fff54f0f000 	/System/Library/PrivateFrameworks/PersistentConnection.framework/Versions/A/PersistentConnection
0x00007fff57895000 	/System/Library/PrivateFrameworks/ProtocolBuffer.framework/Versions/A/ProtocolBuffer
0x00007fff42ec9000 	/System/Library/PrivateFrameworks/CommonUtilities.framework/Versions/A/CommonUtilities
0x00007fff413d3000 	/System/Library/PrivateFrameworks/Bom.framework/Versions/A/Bom
0x00007fff6065f000 	/usr/lib/libAudioToolboxUtility.dylib
0x00007fff411ae000 	/System/Library/PrivateFrameworks/Backup.framework/Versions/A/Backup
0x00007fff45cb9000 	/System/Library/PrivateFrameworks/CrashReporterSupport.framework/Versions/A/CrashReporterSupport
0x00007fff59942000 	/System/Library/PrivateFrameworks/Sharing.framework/Versions/A/Sharing
0x00007fff3f893000 	/System/Library/PrivateFrameworks/Apple80211.framework/Versions/A/Apple80211
0x00007fff40ed0000 	/System/Library/PrivateFrameworks/AuthKit.framework/Versions/A/AuthKit
0x00007fff459e9000 	/System/Library/PrivateFrameworks/CoreUtils.framework/Versions/A/CoreUtils
0x00007fff2e740000 	/System/Library/Frameworks/CoreWLAN.framework/Versions/A/CoreWLAN
0x00007fff2f366000 	/System/Library/Frameworks/IOBluetooth.framework/Versions/A/IOBluetooth
0x00007fff52b71000 	/System/Library/PrivateFrameworks/MobileKeyBag.framework/Versions/A/MobileKeyBag
0x00007fff44ab4000 	/System/Library/PrivateFrameworks/CorePhoneNumbers.framework/Versions/A/CorePhoneNumbers
0x00007fff3fafb000 	/System/Library/PrivateFrameworks/AppleIDAuthSupport.framework/Versions/A/AppleIDAuthSupport
0x00007fff32dff000 	/System/Library/Frameworks/Network.framework/Versions/A/Network
0x00007fff51231000 	/System/Library/PrivateFrameworks/KeychainCircle.framework/Versions/A/KeychainCircle
0x00007fff2c1b4000 	/System/Library/Frameworks/CoreBluetooth.framework/Versions/A/CoreBluetooth
0x00007fff5b5be000 	/System/Library/PrivateFrameworks/SpeechRecognitionCore.framework/Versions/A/SpeechRecognitionCore
0x00007fff20d39000 	/System/Library/CoreServices/Encodings/libSimplifiedChineseConverter.dylib
0x000000010a600000 	/Library/Java/JavaVirtualMachines/jdk1.8.0_181.jdk/Contents/Home/jre/lib/server/libjvm.dylib
0x00007fff62f10000 	/usr/lib/libstdc++.6.dylib
0x0000000109de9000 	/Library/Java/JavaVirtualMachines/jdk1.8.0_181.jdk/Contents/Home/jre/lib/libverify.dylib
0x000000010b5b4000 	/Library/Java/JavaVirtualMachines/jdk1.8.0_181.jdk/Contents/Home/jre/lib/libjava.dylib
0x000000010b5ea000 	/Library/Java/JavaVirtualMachines/jdk1.8.0_181.jdk/Contents/Home/jre/lib/libjdwp.dylib
0x0000000109df8000 	/Library/Java/JavaVirtualMachines/jdk1.8.0_181.jdk/Contents/Home/jre/lib/libnpt.dylib
0x000000010b635000 	/Library/Java/JavaVirtualMachines/jdk1.8.0_181.jdk/Contents/Home/jre/lib/libinstrument.dylib
0x000000010b6d1000 	/Library/Java/JavaVirtualMachines/jdk1.8.0_181.jdk/Contents/Home/jre/lib/libzip.dylib
0x0000000127765000 	/Library/Java/JavaVirtualMachines/jdk1.8.0_181.jdk/Contents/Home/jre/lib/libdt_socket.dylib

VM Arguments:
jvm_args: -agentlib:jdwp=transport=dt_socket,address=127.0.0.1:50811,suspend=y,server=n -javaagent:/Users/zhengwei/Library/Caches/IntelliJIdea2018.2/captureAgent/debugger-agent.jar=file:/private/var/folders/jt/_0pmzxsx3635y89yh8snr7dw0000gn/T/capture.props -Dfile.encoding=UTF-8 
java_command: com.github.jobop.lafite.Main
java_class_path (initial): /Library/Java/JavaVirtualMachines/jdk1.8.0_181.jdk/Contents/Home/jre/lib/charsets.jar:/Library/Java/JavaVirtualMachines/jdk1.8.0_181.jdk/Contents/Home/jre/lib/deploy.jar:/Library/Java/JavaVirtualMachines/jdk1.8.0_181.jdk/Contents/Home/jre/lib/ext/cldrdata.jar:/Library/Java/JavaVirtualMachines/jdk1.8.0_181.jdk/Contents/Home/jre/lib/ext/dnsns.jar:/Library/Java/JavaVirtualMachines/jdk1.8.0_181.jdk/Contents/Home/jre/lib/ext/jaccess.jar:/Library/Java/JavaVirtualMachines/jdk1.8.0_181.jdk/Contents/Home/jre/lib/ext/jfxrt.jar:/Library/Java/JavaVirtualMachines/jdk1.8.0_181.jdk/Contents/Home/jre/lib/ext/localedata.jar:/Library/Java/JavaVirtualMachines/jdk1.8.0_181.jdk/Contents/Home/jre/lib/ext/nashorn.jar:/Library/Java/JavaVirtualMachines/jdk1.8.0_181.jdk/Contents/Home/jre/lib/ext/sunec.jar:/Library/Java/JavaVirtualMachines/jdk1.8.0_181.jdk/Contents/Home/jre/lib/ext/sunjce_provider.jar:/Library/Java/JavaVirtualMachines/jdk1.8.0_181.jdk/Contents/Home/jre/lib/ext/sunpkcs11.jar:/Library/Java/JavaVirtualMachines/jdk1.8.0_181.jdk/Contents/Home/jre/lib/ext/zipfs.jar:/Library/Java/JavaVirtualMachines/jdk1.8.0_181.jdk/Contents/Home/jre/lib/javaws.jar:/Library/Java/JavaVirtualMachines/jdk1.8.0_181.jdk/Contents/Home/jre/lib/jce.jar:/Library/Java/JavaVirtualMachines/jdk1.8.0_181.jdk/Contents/Home/jre/lib/jfr.jar:/Library/Java/JavaVirtualMachines/jdk1.8.0_181.jdk/Contents/Home/jre/lib/jfxswt.jar:/Library/Java/JavaVirtualMachines/jdk1.8.0_181.jdk/Contents/Home/jre/lib/jsse.jar:/Library/Java/JavaVirtualMachines/jdk1.8.0_181.jdk/Contents/Home/jre/lib/management-agent.jar:/Library/Java/JavaVirtualMachines/jdk1.8.0_181.jdk/Contents/Home/jre/lib/plugin.jar:/Library/Java/JavaVirtualMachines/jdk1.8.0_181.jdk/Contents/Home/jre/lib/resources.jar:/Library/Java/JavaVirtualMachines/jdk1.8.0_181.jdk/Contents/Home/jre/lib/rt.jar:/Library/Java/JavaVirtualMachines/jdk1.8.0_181.jdk/Contents/Home/lib/ant-javafx.jar:/Library/Java/JavaVirtualMachines/jdk1.8.0_181.jdk/Contents/Home
Launcher Type: SUN_STANDARD

Environment Variables:
PATH=/Users/zhengwei/.nvm/versions/node/v9.0.0/bin:/usr/local/bin:/usr/bin:/bin:/usr/sbin:/sbin:/Users/zhengwei/apps/protoc/bin:/Users/zhengwei/apps/hsdis:/usr/local/go/bin:/usr/local/MacGPG2/bin:/Applications/Wireshark.app/Contents/MacOS
SHELL=/usr/local/bin/zsh

Signal Handlers:
SIGSEGV: [libjvm.dylib+0x5b6029], sa_mask[0]=11111111011111110111111111111111, sa_flags=SA_ONSTACK|SA_RESTART|SA_SIGINFO
SIGBUS: [libjvm.dylib+0x5b6029], sa_mask[0]=11111111011111110111111111111111, sa_flags=SA_RESTART|SA_SIGINFO
SIGFPE: [libjvm.dylib+0x48b934], sa_mask[0]=11111111011111110111111111111111, sa_flags=SA_RESTART|SA_SIGINFO
SIGPIPE: [libjvm.dylib+0x48b934], sa_mask[0]=11111111011111110111111111111111, sa_flags=SA_RESTART|SA_SIGINFO
SIGXFSZ: [libjvm.dylib+0x48b934], sa_mask[0]=11111111011111110111111111111111, sa_flags=SA_RESTART|SA_SIGINFO
SIGILL: [libjvm.dylib+0x48b934], sa_mask[0]=11111111011111110111111111111111, sa_flags=SA_RESTART|SA_SIGINFO
SIGUSR1: SIG_DFL, sa_mask[0]=00000000000000000000000000000000, sa_flags=none
SIGUSR2: [libjvm.dylib+0x48b452], sa_mask[0]=00100000000000000000000000000000, sa_flags=SA_RESTART|SA_SIGINFO
SIGHUP: [libjvm.dylib+0x489a1d], sa_mask[0]=11111111011111110111111111111111, sa_flags=SA_RESTART|SA_SIGINFO
SIGINT: [libjvm.dylib+0x489a1d], sa_mask[0]=11111111011111110111111111111111, sa_flags=SA_RESTART|SA_SIGINFO
SIGTERM: [libjvm.dylib+0x489a1d], sa_mask[0]=11111111011111110111111111111111, sa_flags=SA_RESTART|SA_SIGINFO
SIGQUIT: [libjvm.dylib+0x489a1d], sa_mask[0]=11111111011111110111111111111111, sa_flags=SA_RESTART|SA_SIGINFO


---------------  S Y S T E M  ---------------

OS:Bsduname:Darwin 19.3.0 Darwin Kernel Version 19.3.0: Thu Jan  9 20:58:23 PST 2020; root:xnu-6153.81.5~1/RELEASE_X86_64 x86_64
rlimit: STACK 8192k, CORE 0k, NPROC 2784, NOFILE 10240, AS infinity
load average:4.39 4.99 4.53

CPU:total 4 (initial active 4) (2 cores per cpu, 2 threads per core) family 6 model 142 stepping 9, cmov, cx8, fxsr, mmx, sse, sse2, sse3, ssse3, sse4.1, sse4.2, popcnt, avx, avx2, aes, clmul, erms, rtm, 3dnowpref, lzcnt, ht, tsc, tscinvbit, bmi1, bmi2, adx

Memory: 4k page, physical 16777216k(703392k free)

/proc/meminfo:


vm_info: Java HotSpot(TM) 64-Bit Server VM (25.181-b13) for bsd-amd64 JRE (1.8.0_181-b13), built on Jul  7 2018 01:02:31 by "java_re" with gcc 4.2.1 (Based on Apple Inc. build 5658) (LLVM build 2336.11.00)

time: Thu Mar 19 20:01:17 2020
elapsed time: 1712 seconds (0d 0h 28m 32s)

